<?xml version="1.0" encoding="UTF-8"?>
<testng-results total="1" passed="1" failed="0" skipped="0">
  <reporter-output>
  </reporter-output>
  <suite started-at="2023-01-20T06:13:10Z" name="Default suite" finished-at="2023-01-20T06:13:10Z" duration-ms="40">
    <groups>
    </groups>
    <test started-at="2023-01-20T06:13:10Z" name="Default test" finished-at="2023-01-20T06:13:10Z" duration-ms="40">
      <class name="JavaProgramsForPractice">
        <test-method signature="printOneDimensionalArray()[pri:0, instance:JavaProgramsForPractice@327bcebd]" started-at="2023-01-20T11:43:10Z" name="printOneDimensionalArray" finished-at="2023-01-20T11:43:10Z" duration-ms="15" status="PASS">
          <reporter-output>
          </reporter-output>
        </test-method> <!-- printOneDimensionalArray -->
      </class> <!-- JavaProgramsForPractice -->
    </test> <!-- Default test -->
  </suite> <!-- Default suite -->
</testng-results>
