<?xml version="1.0" encoding="UTF-8"?>
<testng-results total="1" passed="1" failed="0" skipped="0">
  <reporter-output>
  </reporter-output>
  <suite started-at="2023-01-23T12:28:04Z" name="Default suite" finished-at="2023-01-23T12:28:42Z" duration-ms="37628">
    <groups>
    </groups>
    <test started-at="2023-01-23T12:28:04Z" name="Default test" finished-at="2023-01-23T12:28:42Z" duration-ms="37628">
      <class name="ContactTest">
        <test-method is-config="true" signature="launchbrowser()[pri:0, instance:ContactTest@75f65e45]" started-at="2023-01-23T17:58:04Z" name="launchbrowser" finished-at="2023-01-23T17:58:07Z" duration-ms="3098" status="PASS">
          <reporter-output>
          </reporter-output>
        </test-method> <!-- launchbrowser -->
        <test-method is-config="true" signature="login()[pri:0, instance:ContactTest@75f65e45]" started-at="2023-01-23T17:58:07Z" name="login" finished-at="2023-01-23T17:58:12Z" duration-ms="5322" status="PASS">
          <reporter-output>
          </reporter-output>
        </test-method> <!-- login -->
        <test-method signature="contact()[pri:0, instance:ContactTest@75f65e45]" started-at="2023-01-23T17:58:12Z" name="contact" finished-at="2023-01-23T17:58:39Z" duration-ms="27064" status="PASS">
          <reporter-output>
          </reporter-output>
        </test-method> <!-- contact -->
        <test-method is-config="true" signature="logout()[pri:0, instance:ContactTest@75f65e45]" started-at="2023-01-23T17:58:39Z" name="logout" finished-at="2023-01-23T17:58:41Z" duration-ms="1906" status="PASS">
          <reporter-output>
          </reporter-output>
        </test-method> <!-- logout -->
        <test-method is-config="true" signature="close()[pri:0, instance:ContactTest@75f65e45]" started-at="2023-01-23T17:58:41Z" name="close" finished-at="2023-01-23T17:58:42Z" duration-ms="184" status="PASS">
          <reporter-output>
          </reporter-output>
        </test-method> <!-- close -->
      </class> <!-- ContactTest -->
    </test> <!-- Default test -->
  </suite> <!-- Default suite -->
</testng-results>
